rotating: 1st phase start Wed Jul  5 19:14:57 CEST 2000
rotating: 2nd phase start Wed Jul  5 19:15:47 CEST 2000
rotating: 3rd phase start Wed Jul  5 19:15:55 CEST 2000
rotating: stop Wed Jul  5 19:16:07 CEST 2000
rotating: 1st phase start Wed Jul  5 19:23:02 CEST 2000
rotating: 2nd phase start Wed Jul  5 19:23:38 CEST 2000
rotating: 3rd phase start Wed Jul  5 19:23:45 CEST 2000
rotating: cleaning up Wed Jul  5 19:23:59 CEST 2000
rotating: stop Wed Jul  5 19:23:59 CEST 2000
rotating: 1st phase start Wed Jul  5 19:35:18 CEST 2000
rotating: 2nd phase start Wed Jul  5 19:35:19 CEST 2000
rotating: 3rd phase start Wed Jul  5 19:35:19 CEST 2000
rotating: cleaning up Wed Jul  5 19:35:19 CEST 2000
rotating: stop Wed Jul  5 19:35:19 CEST 2000
rotating: 1st phase start Wed Jul  5 19:40:42 CEST 2000
rotating: 2nd phase start Wed Jul  5 20:10:56 CEST 2000
rotating: 3rd phase start Wed Jul  5 20:16:58 CEST 2000
rotating: cleaning up Wed Jul  5 20:22:35 CEST 2000
rotating: stop Wed Jul  5 20:22:47 CEST 2000
rotating: 1st phase start Thu Jul  6 15:42:18 CEST 2000
rotating: 2nd phase start Thu Jul  6 15:44:31 CEST 2000
rotating: cleaning up Thu Jul  6 15:48:34 CEST 2000
rotating: stop Thu Jul  6 15:48:38 CEST 2000
rotating: 1st phase start Thu Jul  6 15:54:15 CEST 2000
rotating: 2nd phase start Thu Jul  6 15:57:26 CEST 2000
rotating: cleaning up Thu Jul  6 16:01:51 CEST 2000
rotating: stop Thu Jul  6 16:01:55 CEST 2000
rotating: 1st phase start Thu Jul  6 16:18:07 CEST 2000
rotating: 2nd phase start Thu Jul  6 16:19:07 CEST 2000
rotating: cleaning up Thu Jul  6 16:24:40 CEST 2000
rotating: stop Thu Jul  6 16:24:45 CEST 2000
rotating: 1st phase start Thu Jul  6 16:25:36 CEST 2000
rotating: 2nd phase start Thu Jul  6 16:26:37 CEST 2000
rotating: cleaning up Thu Jul  6 13:45:26 CEST 2000
rotating: stop Thu Jul  6 13:45:29 CEST 2000
rotating: 1st phase start Thu Jul  6 13:45:30 CEST 2000
rotating: 2nd phase start Thu Jul  6 13:46:31 CEST 2000
rotating: cleaning up Thu Jul  6 13:51:24 CEST 2000
rotating: stop Thu Jul  6 13:51:28 CEST 2000
rotating: 1st phase start Thu Jul  6 13:51:29 CEST 2000
rotating: 2nd phase start Thu Jul  6 13:54:14 CEST 2000
rotating: cleaning up Thu Jul  6 13:57:45 CEST 2000
rotating: stop Thu Jul  6 13:57:49 CEST 2000
rotating: 1st phase start Thu Jul  6 13:57:49 CEST 2000
rotating: 2nd phase start Thu Jul  6 14:00:01 CEST 2000
rotating: cleaning up Thu Jul  6 14:03:40 CEST 2000
rotating: stop Thu Jul  6 14:03:44 CEST 2000
r1: 1st phase start Fri Jul  7 13:55:59 CEST 2000
r1: 2nd phase start Mon Jul 10 13:09:40 CEST 2000
r1: cleaning up Mon Jul 10 13:18:24 CEST 2000
r1: stop Mon Jul 10 13:18:32 CEST 2000
r: 1st phase start Mon Jul 10 13:19:21 CEST 2000
r: 2nd phase start Mon Jul 10 13:21:08 CEST 2000
r: cleaning up Mon Jul 10 13:28:42 CEST 2000
r: stop Mon Jul 10 13:28:52 CEST 2000
r: 1st phase start Mon Jul 10 13:29:40 CEST 2000
r: 2nd phase start Mon Jul 10 13:31:03 CEST 2000
r: cleaning up Mon Jul 10 13:38:50 CEST 2000
r: stop Mon Jul 10 13:38:58 CEST 2000
r: 1st phase start Mon Jul 10 13:38:59 CEST 2000
r: 2nd phase start Mon Jul 10 13:40:19 CEST 2000
r: cleaning up Mon Jul 10 13:47:56 CEST 2000
r: stop Mon Jul 10 13:48:04 CEST 2000
r: 1st phase start Mon Jul 10 13:48:04 CEST 2000
r: 2nd phase start Mon Jul 10 13:52:26 CEST 2000
r: cleaning up Mon Jul 10 14:00:14 CEST 2000
r: stop Mon Jul 10 14:00:23 CEST 2000
r: 1st phase start Mon Jul 10 14:00:23 CEST 2000
r: 2nd phase start Mon Jul 10 14:04:52 CEST 2000
r: cleaning up Mon Jul 10 14:12:38 CEST 2000
r: stop Mon Jul 10 14:12:47 CEST 2000
r: 1st phase start Mon Jul 10 14:12:47 CEST 2000
r: 2nd phase start Mon Jul 10 14:17:08 CEST 2000
r: cleaning up Mon Jul 10 14:24:32 CEST 2000
r: stop Mon Jul 10 14:24:40 CEST 2000
r: 1st phase start Mon Jul 10 14:56:18 CEST 2000
r: 2nd phase start Mon Jul 10 14:56:19 CEST 2000
r: 1st phase start Mon Jul 10 14:56:23 CEST 2000
r: 2nd phase start Mon Jul 10 14:56:34 CEST 2000
r: 1st phase start Mon Jul 10 14:56:56 CEST 2000
r: 2nd phase start Mon Jul 10 14:57:10 CEST 2000
r: cleaning up Mon Jul 10 14:58:08 CEST 2000
r: stop Mon Jul 10 14:58:09 CEST 2000
r: 1st phase start Mon Jul 10 15:01:23 CEST 2000
r: 2nd phase start Mon Jul 10 15:03:09 CEST 2000
r: cleaning up Mon Jul 10 15:05:45 CEST 2000
r: stop Mon Jul 10 15:05:47 CEST 2000
r: 1st phase start Mon Jul 10 15:05:48 CEST 2000
r: 2nd phase start Mon Jul 10 15:06:20 CEST 2000
r: cleaning up Mon Jul 10 15:08:45 CEST 2000
r: stop Mon Jul 10 15:08:48 CEST 2000
r: 1st phase start Mon Jul 10 15:08:48 CEST 2000
r: 2nd phase start Mon Jul 10 15:09:20 CEST 2000
r: cleaning up Mon Jul 10 15:11:43 CEST 2000
r: stop Mon Jul 10 15:11:45 CEST 2000
r: 1st phase start Mon Jul 10 15:11:46 CEST 2000
r: 2nd phase start Mon Jul 10 15:12:17 CEST 2000
r: cleaning up Mon Jul 10 15:14:38 CEST 2000
r: stop Mon Jul 10 15:14:40 CEST 2000
r: 1st phase start Mon Jul 10 15:14:40 CEST 2000
r: 2nd phase start Mon Jul 10 15:16:17 CEST 2000
r: cleaning up Mon Jul 10 15:18:36 CEST 2000
r: stop Mon Jul 10 15:18:39 CEST 2000
r: 1st phase start Mon Jul 10 15:18:39 CEST 2000
r: 2nd phase start Mon Jul 10 15:20:17 CEST 2000
r: cleaning up Mon Jul 10 15:23:07 CEST 2000
r: stop Mon Jul 10 15:23:09 CEST 2000
r: 1st phase start Mon Jul 10 15:23:10 CEST 2000
r: 2nd phase start Mon Jul 10 15:24:45 CEST 2000
r: cleaning up Mon Jul 10 15:27:07 CEST 2000
r: stop Mon Jul 10 15:27:10 CEST 2000
../phasetest.out.ps: 1st phase start Wed Oct  2 14:26:12 CEST 2002
../phasetest.out.ps: 2nd phase start Wed Oct  2 14:26:12 CEST 2002
../phasetest.out.ps: cleaning up Wed Oct  2 14:26:12 CEST 2002
../phasetest.out.ps: stop Wed Oct  2 14:26:12 CEST 2002
../phasetest.out: 1st phase start Wed Oct  2 14:26:18 CEST 2002
../phasetest.out: 2nd phase start Wed Oct  2 14:26:18 CEST 2002
../phasetest.out: cleaning up Wed Oct  2 14:26:18 CEST 2002
../phasetest.out: stop Wed Oct  2 14:26:18 CEST 2002
phasetest.out: 1st phase start Wed Oct  2 14:28:05 CEST 2002
phasetest.out: 2nd phase start Wed Oct  2 14:28:05 CEST 2002
phasetest.out: cleaning up Wed Oct  2 14:28:05 CEST 2002
phasetest.out: stop Wed Oct  2 14:28:05 CEST 2002
phasetest.out: 1st phase start Wed Oct  2 14:34:49 CEST 2002
phasetest.out: 2nd phase start Wed Oct  2 14:34:49 CEST 2002
phasetest.out: cleaning up Wed Oct  2 14:34:49 CEST 2002
phasetest.out: stop Wed Oct  2 14:34:49 CEST 2002
phasetest.out.ps: 1st phase start Wed Oct  2 14:38:46 CEST 2002
phasetest.out.ps: 2nd phase start Wed Oct  2 14:38:47 CEST 2002
phasetest.out.ps: cleaning up Wed Oct  2 14:38:47 CEST 2002
phasetest.out.ps: stop Wed Oct  2 14:38:47 CEST 2002
phasetest.out: 1st phase start Wed Oct  2 14:41:00 CEST 2002
phasetest.out: 2nd phase start Wed Oct  2 14:41:27 CEST 2002
phasetest.out: cleaning up Wed Oct  2 14:43:12 CEST 2002
phasetest.out: stop Wed Oct  2 14:43:12 CEST 2002
../phasetest.out: 1st phase start Wed Oct  2 14:47:39 CEST 2002
../phasetest.out: 2nd phase start Wed Oct  2 14:47:45 CEST 2002
../phasetest.out: cleaning up Wed Oct  2 14:47:57 CEST 2002
../phasetest.out: stop Wed Oct  2 14:47:57 CEST 2002
../phasetest.out: 1st phase start Wed Oct  2 15:39:24 CEST 2002
../phasetest.out: 2nd phase start Wed Oct  2 15:39:30 CEST 2002
../phasetest.out: cleaning up Wed Oct  2 15:39:42 CEST 2002
../phasetest.out: stop Wed Oct  2 15:39:42 CEST 2002
